# JRE version: Java(TM) SE Runtime Environment (8.0_231-b11) (build 1.8.0_231-b11)
# Java VM: Java HotSpot(TM) 64-Bit Server VM (25.231-b11 mixed mode bsd-amd64 compressed oops)
Heap:
 PSYoungGen      total 251904K, used 239941K [0x0000000795580000, 0x00000007a6180000, 0x00000007c0000000)
  eden space 230912K, 98% used [0x0000000795580000,0x00000007a33627f0,0x00000007a3700000)
  from space 20992K, 60% used [0x00000007a4c00000,0x00000007a586ef30,0x00000007a6080000)
  to   space 21504K, 0% used [0x00000007a3700000,0x00000007a3700000,0x00000007a4c00000)
 ParOldGen       total 82432K, used 39192K [0x0000000740000000, 0x0000000745080000, 0x0000000795580000)
  object space 82432K, 47% used [0x0000000740000000,0x0000000742646330,0x0000000745080000)
 Metaspace       used 77427K, capacity 81064K, committed 81152K, reserved 1118208K
  class space    used 10783K, capacity 11462K, committed 11520K, reserved 1048576K
GC Heap History (10 events):
Event: 16.788 GC heap before
{Heap before GC invocations=13 (full 2):
 PSYoungGen      total 156672K, used 154986K [0x0000000795580000, 0x00000007a0c80000, 0x00000007c0000000)
  eden space 144384K, 100% used [0x0000000795580000,0x000000079e280000,0x000000079e280000)
  from space 12288K, 86% used [0x000000079ef80000,0x000000079f9da918,0x000000079fb80000)
  to   space 13312K, 0% used [0x000000079e280000,0x000000079e280000,0x000000079ef80000)
 ParOldGen       total 55296K, used 17386K [0x0000000740000000, 0x0000000743600000, 0x0000000795580000)
  object space 55296K, 31% used [0x0000000740000000,0x00000007410fa848,0x0000000743600000)
 Metaspace       used 54547K, capacity 56772K, committed 56960K, reserved 1097728K
  class space    used 7601K, capacity 8029K, committed 8064K, reserved 1048576K
Event: 16.829 GC heap after
Heap after GC invocations=13 (full 2):
 PSYoungGen      total 157696K, used 13308K [0x0000000795580000, 0x00000007a2a80000, 0x00000007c0000000)
  eden space 144384K, 0% used [0x0000000795580000,0x0000000795580000,0x000000079e280000)
  from space 13312K, 99% used [0x000000079e280000,0x000000079ef7f340,0x000000079ef80000)
  to   space 18944K, 0% used [0x00000007a1800000,0x00000007a1800000,0x00000007a2a80000)
 ParOldGen       total 55296K, used 27828K [0x0000000740000000, 0x0000000743600000, 0x0000000795580000)
  object space 55296K, 50% used [0x0000000740000000,0x0000000741b2d170,0x0000000743600000)
 Metaspace       used 54547K, capacity 56772K, committed 56960K, reserved 1097728K
  class space    used 7601K, capacity 8029K, committed 8064K, reserved 1048576K
}
Event: 17.439 GC heap before
{Heap before GC invocations=14 (full 2):
 PSYoungGen      total 157696K, used 46533K [0x0000000795580000, 0x00000007a2a80000, 0x00000007c0000000)
  eden space 144384K, 23% used [0x0000000795580000,0x00000007975f2490,0x000000079e280000)
  from space 13312K, 99% used [0x000000079e280000,0x000000079ef7f340,0x000000079ef80000)
  to   space 18944K, 0% used [0x00000007a1800000,0x00000007a1800000,0x00000007a2a80000)
 ParOldGen       total 55296K, used 27828K [0x0000000740000000, 0x0000000743600000, 0x0000000795580000)
  object space 55296K, 50% used [0x0000000740000000,0x0000000741b2d170,0x0000000743600000)
 Metaspace       used 56737K, capacity 59084K, committed 59136K, reserved 1099776K
  class space    used 7937K, capacity 8427K, committed 8448K, reserved 1048576K
Event: 17.483 GC heap after
Heap after GC invocations=14 (full 2):
 PSYoungGen      total 198656K, used 12065K [0x0000000795580000, 0x00000007a3600000, 0x00000007c0000000)
  eden space 179712K, 0% used [0x0000000795580000,0x0000000795580000,0x00000007a0500000)
  from space 18944K, 63% used [0x00000007a1800000,0x00000007a23c8620,0x00000007a2a80000)
  to   space 19456K, 0% used [0x00000007a0500000,0x00000007a0500000,0x00000007a1800000)
 ParOldGen       total 55296K, used 32136K [0x0000000740000000, 0x0000000743600000, 0x0000000795580000)
  object space 55296K, 58% used [0x0000000740000000,0x0000000741f620e0,0x0000000743600000)
 Metaspace       used 56737K, capacity 59084K, committed 59136K, reserved 1099776K
  class space    used 7937K, capacity 8427K, committed 8448K, reserved 1048576K
}
Event: 17.483 GC heap before
{Heap before GC invocations=15 (full 3):
 PSYoungGen      total 198656K, used 12065K [0x0000000795580000, 0x00000007a3600000, 0x00000007c0000000)
  eden space 179712K, 0% used [0x0000000795580000,0x0000000795580000,0x00000007a0500000)
  from space 18944K, 63% used [0x00000007a1800000,0x00000007a23c8620,0x00000007a2a80000)
  to   space 19456K, 0% used [0x00000007a0500000,0x00000007a0500000,0x00000007a1800000)
 ParOldGen       total 55296K, used 32136K [0x0000000740000000, 0x0000000743600000, 0x0000000795580000)
  object space 55296K, 58% used [0x0000000740000000,0x0000000741f620e0,0x0000000743600000)
 Metaspace       used 56737K, capacity 59084K, committed 59136K, reserved 1099776K
  class space    used 7937K, capacity 8427K, committed 8448K, reserved 1048576K
Event: 17.791 GC heap after
Heap after GC invocations=15 (full 3):
 PSYoungGen      total 198656K, used 0K [0x0000000795580000, 0x00000007a3600000, 0x00000007c0000000)
  eden space 179712K, 0% used [0x0000000795580000,0x0000000795580000,0x00000007a0500000)
  from space 18944K, 0% used [0x00000007a1800000,0x00000007a1800000,0x00000007a2a80000)
  to   space 19456K, 0% used [0x00000007a0500000,0x00000007a0500000,0x00000007a1800000)
 ParOldGen       total 82432K, used 30013K [0x0000000740000000, 0x0000000745080000, 0x0000000795580000)
  object space 82432K, 36% used [0x0000000740000000,0x0000000741d4f6a0,0x0000000745080000)
 Metaspace       used 56716K, capacity 59012K, committed 59136K, reserved 1099776K
  class space    used 7930K, capacity 8415K, committed 8448K, reserved 1048576K
}
Event: 23.046 GC heap before
{Heap before GC invocations=16 (full 3):
 PSYoungGen      total 198656K, used 179712K [0x0000000795580000, 0x00000007a3600000, 0x00000007c0000000)
  eden space 179712K, 100% used [0x0000000795580000,0x00000007a0500000,0x00000007a0500000)
  from space 18944K, 0% used [0x00000007a1800000,0x00000007a1800000,0x00000007a2a80000)
  to   space 19456K, 0% used [0x00000007a0500000,0x00000007a0500000,0x00000007a1800000)
 ParOldGen       total 82432K, used 30013K [0x0000000740000000, 0x0000000745080000, 0x0000000795580000)
  object space 82432K, 36% used [0x0000000740000000,0x0000000741d4f6a0,0x0000000745080000)
 Metaspace       used 65344K, capacity 68398K, committed 68480K, reserved 1107968K
  class space    used 9247K, capacity 9782K, committed 9856K, reserved 1048576K
Event: 23.164 GC heap after
Heap after GC invocations=16 (full 3):
 PSYoungGen      total 199168K, used 16019K [0x0000000795580000, 0x00000007a6080000, 0x00000007c0000000)
  eden space 179712K, 0% used [0x0000000795580000,0x0000000795580000,0x00000007a0500000)
  from space 19456K, 82% used [0x00000007a0500000,0x00000007a14a4d78,0x00000007a1800000)
  to   space 20992K, 0% used [0x00000007a4c00000,0x00000007a4c00000,0x00000007a6080000)
 ParOldGen       total 82432K, used 30021K [0x0000000740000000, 0x0000000745080000, 0x0000000795580000)
  object space 82432K, 36% used [0x0000000740000000,0x0000000741d516a0,0x0000000745080000)
 Metaspace       used 65344K, capacity 68398K, committed 68480K, reserved 1107968K
  class space    used 9247K, capacity 9782K, committed 9856K, reserved 1048576K
}
Event: 28.864 GC heap before
{Heap before GC invocations=17 (full 3):
 PSYoungGen      total 199168K, used 195731K [0x0000000795580000, 0x00000007a6080000, 0x00000007c0000000)
  eden space 179712K, 100% used [0x0000000795580000,0x00000007a0500000,0x00000007a0500000)
  from space 19456K, 82% used [0x00000007a0500000,0x00000007a14a4d78,0x00000007a1800000)
  to   space 20992K, 0% used [0x00000007a4c00000,0x00000007a4c00000,0x00000007a6080000)
 ParOldGen       total 82432K, used 30021K [0x0000000740000000, 0x0000000745080000, 0x0000000795580000)
  object space 82432K, 36% used [0x0000000740000000,0x0000000741d516a0,0x0000000745080000)
 Metaspace       used 69460K, capacity 72660K, committed 72832K, reserved 1112064K
  class space    used 9711K, capacity 10313K, committed 10368K, reserved 1048576K
Event: 29.030 GC heap after
Heap after GC invocations=17 (full 3):
 PSYoungGen      total 251904K, used 12731K [0x0000000795580000, 0x00000007a6180000, 0x00000007c0000000)
  eden space 230912K, 0% used [0x0000000795580000,0x0000000795580000,0x00000007a3700000)
  from space 20992K, 60% used [0x00000007a4c00000,0x00000007a586ef30,0x00000007a6080000)
  to   space 21504K, 0% used [0x00000007a3700000,0x00000007a3700000,0x00000007a4c00000)
 ParOldGen       total 82432K, used 39192K [0x0000000740000000, 0x0000000745080000, 0x0000000795580000)
  object space 82432K, 47% used [0x0000000740000000,0x0000000742646330,0x0000000745080000)
 Metaspace       used 69460K, capacity 72660K, committed 72832K, reserved 1112064K
  class space    used 9711K, capacity 10313K, committed 10368K, reserved 1048576K
}

