# JRE version: Java(TM) SE Runtime Environment (8.0_231-b11) (build 1.8.0_231-b11)
# Java VM: Java HotSpot(TM) 64-Bit Server VM (25.231-b11 mixed mode bsd-amd64 compressed oops)
Heap:
 PSYoungGen      total 607744K, used 39840K [0x0000000795580000, 0x00000007bfd80000, 0x00000007c0000000)
  eden space 525824K, 2% used [0x0000000795580000,0x00000007961b6a30,0x00000007b5700000)
  from space 81920K, 33% used [0x00000007b5700000,0x00000007b71b1840,0x00000007ba700000)
  to   space 77824K, 0% used [0x00000007bb180000,0x00000007bb180000,0x00000007bfd80000)
 ParOldGen       total 213504K, used 120472K [0x0000000740000000, 0x000000074d080000, 0x0000000795580000)
  object space 213504K, 56% used [0x0000000740000000,0x00000007475a6180,0x000000074d080000)
 Metaspace       used 154962K, capacity 165968K, committed 166272K, reserved 1191936K
  class space    used 20763K, capacity 22796K, committed 22912K, reserved 1048576K
GC Heap History (10 events):
Event: 1900.620 GC heap before
{Heap before GC invocations=33 (full 6):
 PSYoungGen      total 613888K, used 7757K [0x0000000795580000, 0x00000007c0000000, 0x00000007c0000000)
  eden space 541184K, 0% used [0x0000000795580000,0x0000000795580000,0x00000007b6600000)
  from space 72704K, 10% used [0x00000007b6600000,0x00000007b6d93430,0x00000007bad00000)
  to   space 72704K, 0% used [0x00000007bb900000,0x00000007bb900000,0x00000007c0000000)
 ParOldGen       total 226816K, used 190830K [0x0000000740000000, 0x000000074dd80000, 0x0000000795580000)
  object space 226816K, 84% used [0x0000000740000000,0x000000074ba5b938,0x000000074dd80000)
 Metaspace       used 148686K, capacity 157884K, committed 158080K, reserved 1185792K
  class space    used 19957K, capacity 21621K, committed 21632K, reserved 1048576K
Event: 1909.090 GC heap after
Heap after GC invocations=33 (full 6):
 PSYoungGen      total 613888K, used 0K [0x0000000795580000, 0x00000007c0000000, 0x00000007c0000000)
  eden space 541184K, 0% used [0x0000000795580000,0x0000000795580000,0x00000007b6600000)
  from space 72704K, 0% used [0x00000007b6600000,0x00000007b6600000,0x00000007bad00000)
  to   space 72704K, 0% used [0x00000007bb900000,0x00000007bb900000,0x00000007c0000000)
 ParOldGen       total 213504K, used 96183K [0x0000000740000000, 0x000000074d080000, 0x0000000795580000)
  object space 213504K, 45% used [0x0000000740000000,0x0000000745dedce0,0x000000074d080000)
 Metaspace       used 148438K, capacity 157180K, committed 158080K, reserved 1185792K
  class space    used 19877K, capacity 21503K, committed 21632K, reserved 1048576K
}
Event: 1941.502 GC heap before
{Heap before GC invocations=34 (full 6):
 PSYoungGen      total 613888K, used 541184K [0x0000000795580000, 0x00000007c0000000, 0x00000007c0000000)
  eden space 541184K, 100% used [0x0000000795580000,0x00000007b6600000,0x00000007b6600000)
  from space 72704K, 0% used [0x00000007b6600000,0x00000007b6600000,0x00000007bad00000)
  to   space 72704K, 0% used [0x00000007bb900000,0x00000007bb900000,0x00000007c0000000)
 ParOldGen       total 213504K, used 96183K [0x0000000740000000, 0x000000074d080000, 0x0000000795580000)
  object space 213504K, 45% used [0x0000000740000000,0x0000000745dedce0,0x000000074d080000)
 Metaspace       used 150672K, capacity 159776K, committed 160000K, reserved 1187840K
  class space    used 20181K, capacity 21895K, committed 22016K, reserved 1048576K
Event: 1942.986 GC heap after
Heap after GC invocations=34 (full 6):
 PSYoungGen      total 596480K, used 72689K [0x0000000795580000, 0x00000007c0000000, 0x00000007c0000000)
  eden space 523776K, 0% used [0x0000000795580000,0x0000000795580000,0x00000007b5500000)
  from space 72704K, 99% used [0x00000007bb900000,0x00000007bfffc488,0x00000007c0000000)
  to   space 87552K, 0% used [0x00000007b5500000,0x00000007b5500000,0x00000007baa80000)
 ParOldGen       total 213504K, used 105081K [0x0000000740000000, 0x000000074d080000, 0x0000000795580000)
  object space 213504K, 49% used [0x0000000740000000,0x000000074669e460,0x000000074d080000)
 Metaspace       used 150672K, capacity 159776K, committed 160000K, reserved 1187840K
  class space    used 20181K, capacity 21895K, committed 22016K, reserved 1048576K
}
Event: 2454.237 GC heap before
{Heap before GC invocations=35 (full 6):
 PSYoungGen      total 596480K, used 596465K [0x0000000795580000, 0x00000007c0000000, 0x00000007c0000000)
  eden space 523776K, 100% used [0x0000000795580000,0x00000007b5500000,0x00000007b5500000)
  from space 72704K, 99% used [0x00000007bb900000,0x00000007bfffc488,0x00000007c0000000)
  to   space 87552K, 0% used [0x00000007b5500000,0x00000007b5500000,0x00000007baa80000)
 ParOldGen       total 213504K, used 105081K [0x0000000740000000, 0x000000074d080000, 0x0000000795580000)
  object space 213504K, 49% used [0x0000000740000000,0x000000074669e460,0x000000074d080000)
 Metaspace       used 154085K, capacity 164810K, committed 165120K, reserved 1191936K
  class space    used 20693K, capacity 22659K, committed 22784K, reserved 1048576K
Event: 2454.924 GC heap after
Heap after GC invocations=35 (full 6):
 PSYoungGen      total 611328K, used 16655K [0x0000000795580000, 0x00000007c0000000, 0x00000007c0000000)
  eden space 523776K, 0% used [0x0000000795580000,0x0000000795580000,0x00000007b5500000)
  from space 87552K, 19% used [0x00000007b5500000,0x00000007b6543d10,0x00000007baa80000)
  to   space 85504K, 0% used [0x00000007bac80000,0x00000007bac80000,0x00000007c0000000)
 ParOldGen       total 213504K, used 117551K [0x0000000740000000, 0x000000074d080000, 0x0000000795580000)
  object space 213504K, 55% used [0x0000000740000000,0x00000007472cbc20,0x000000074d080000)
 Metaspace       used 154085K, capacity 164810K, committed 165120K, reserved 1191936K
  class space    used 20693K, capacity 22659K, committed 22784K, reserved 1048576K
}
Event: 3261.665 GC heap before
{Heap before GC invocations=36 (full 6):
 PSYoungGen      total 611328K, used 539555K [0x0000000795580000, 0x00000007c0000000, 0x00000007c0000000)
  eden space 523776K, 99% used [0x0000000795580000,0x00000007b5425078,0x00000007b5500000)
  from space 87552K, 19% used [0x00000007b5500000,0x00000007b6543d10,0x00000007baa80000)
  to   space 85504K, 0% used [0x00000007bac80000,0x00000007bac80000,0x00000007c0000000)
 ParOldGen       total 213504K, used 117551K [0x0000000740000000, 0x000000074d080000, 0x0000000795580000)
  object space 213504K, 55% used [0x0000000740000000,0x00000007472cbc20,0x000000074d080000)
 Metaspace       used 154607K, capacity 165462K, committed 165632K, reserved 1191936K
  class space    used 20743K, capacity 22741K, committed 22784K, reserved 1048576K
Event: 3264.141 GC heap after
Heap after GC invocations=36 (full 6):
 PSYoungGen      total 602112K, used 22329K [0x0000000795580000, 0x00000007bf700000, 0x00000007c0000000)
  eden space 525824K, 0% used [0x0000000795580000,0x0000000795580000,0x00000007b5700000)
  from space 76288K, 29% used [0x00000007bac80000,0x00000007bc24e568,0x00000007bf700000)
  to   space 81920K, 0% used [0x00000007b5700000,0x00000007b5700000,0x00000007ba700000)
 ParOldGen       total 213504K, used 120472K [0x0000000740000000, 0x000000074d080000, 0x0000000795580000)
  object space 213504K, 56% used [0x0000000740000000,0x00000007475a6180,0x000000074d080000)
 Metaspace       used 154607K, capacity 165462K, committed 165632K, reserved 1191936K
  class space    used 20743K, capacity 22741K, committed 22784K, reserved 1048576K
}
Event: 4075.262 GC heap before
{Heap before GC invocations=37 (full 6):
 PSYoungGen      total 602112K, used 546477K [0x0000000795580000, 0x00000007bf700000, 0x00000007c0000000)
  eden space 525824K, 99% used [0x0000000795580000,0x00000007b555cf98,0x00000007b5700000)
  from space 76288K, 29% used [0x00000007bac80000,0x00000007bc24e568,0x00000007bf700000)
  to   space 81920K, 0% used [0x00000007b5700000,0x00000007b5700000,0x00000007ba700000)
 ParOldGen       total 213504K, used 120472K [0x0000000740000000, 0x000000074d080000, 0x0000000795580000)
  object space 213504K, 56% used [0x0000000740000000,0x00000007475a6180,0x000000074d080000)
 Metaspace       used 154957K, capacity 165968K, committed 166272K, reserved 1191936K
  class space    used 20763K, capacity 22796K, committed 22912K, reserved 1048576K
Event: 4078.029 GC heap after
Heap after GC invocations=37 (full 6):
 PSYoungGen      total 607744K, used 27334K [0x0000000795580000, 0x00000007bfd80000, 0x00000007c0000000)
  eden space 525824K, 0% used [0x0000000795580000,0x0000000795580000,0x00000007b5700000)
  from space 81920K, 33% used [0x00000007b5700000,0x00000007b71b1840,0x00000007ba700000)
  to   space 77824K, 0% used [0x00000007bb180000,0x00000007bb180000,0x00000007bfd80000)
 ParOldGen       total 213504K, used 120472K [0x0000000740000000, 0x000000074d080000, 0x0000000795580000)
  object space 213504K, 56% used [0x0000000740000000,0x00000007475a6180,0x000000074d080000)
 Metaspace       used 154957K, capacity 165968K, committed 166272K, reserved 1191936K
  class space    used 20763K, capacity 22796K, committed 22912K, reserved 1048576K
}

