# JRE version: Java(TM) SE Runtime Environment (8.0_231-b11) (build 1.8.0_231-b11)
# Java VM: Java HotSpot(TM) 64-Bit Server VM (25.231-b11 mixed mode bsd-amd64 compressed oops)
Heap:
 PSYoungGen      total 624640K, used 573116K [0x0000000795580000, 0x00000007bfe80000, 0x00000007c0000000)
  eden space 550400K, 100% used [0x0000000795580000,0x00000007b6f00000,0x00000007b6f00000)
  from space 74240K, 30% used [0x00000007bb600000,0x00000007bcc2f1f8,0x00000007bfe80000)
  to   space 72704K, 64% used [0x00000007b6f00000,0x00000007b9cfab40,0x00000007bb600000)
 ParOldGen       total 221184K, used 170398K [0x0000000740000000, 0x000000074d800000, 0x0000000795580000)
  object space 221184K, 77% used [0x0000000740000000,0x000000074a667bf8,0x000000074d800000)
 Metaspace       used 116017K, capacity 122868K, committed 123008K, reserved 1155072K
  class space    used 15426K, capacity 16678K, committed 16768K, reserved 1048576K
GC Heap History (10 events):
Event: 1653.581 GC heap after
Heap after GC invocations=23 (full 5):
 PSYoungGen      total 453632K, used 24210K [0x0000000795580000, 0x00000007b5880000, 0x00000007c0000000)
  eden space 395264K, 0% used [0x0000000795580000,0x0000000795580000,0x00000007ad780000)
  from space 58368K, 41% used [0x00000007b1f80000,0x00000007b3724b60,0x00000007b5880000)
  to   space 66048K, 0% used [0x00000007ad780000,0x00000007ad780000,0x00000007b1800000)
 ParOldGen       total 221184K, used 121946K [0x0000000740000000, 0x000000074d800000, 0x0000000795580000)
  object space 221184K, 55% used [0x0000000740000000,0x0000000747716af8,0x000000074d800000)
 Metaspace       used 97195K, capacity 102320K, committed 102528K, reserved 1138688K
  class space    used 13232K, capacity 14175K, committed 14208K, reserved 1048576K
}
Event: 3439.899 GC heap before
{Heap before GC invocations=24 (full 5):
 PSYoungGen      total 453632K, used 419474K [0x0000000795580000, 0x00000007b5880000, 0x00000007c0000000)
  eden space 395264K, 100% used [0x0000000795580000,0x00000007ad780000,0x00000007ad780000)
  from space 58368K, 41% used [0x00000007b1f80000,0x00000007b3724b60,0x00000007b5880000)
  to   space 66048K, 0% used [0x00000007ad780000,0x00000007ad780000,0x00000007b1800000)
 ParOldGen       total 221184K, used 121946K [0x0000000740000000, 0x000000074d800000, 0x0000000795580000)
  object space 221184K, 55% used [0x0000000740000000,0x0000000747716af8,0x000000074d800000)
 Metaspace       used 107715K, capacity 113620K, committed 113792K, reserved 1146880K
  class space    used 14566K, capacity 15680K, committed 15744K, reserved 1048576K
Event: 3445.000 GC heap after
Heap after GC invocations=24 (full 5):
 PSYoungGen      total 461312K, used 25906K [0x0000000795580000, 0x00000007b9900000, 0x00000007c0000000)
  eden space 395264K, 0% used [0x0000000795580000,0x0000000795580000,0x00000007ad780000)
  from space 66048K, 39% used [0x00000007ad780000,0x00000007af0cc8c0,0x00000007b1800000)
  to   space 62464K, 0% used [0x00000007b5c00000,0x00000007b5c00000,0x00000007b9900000)
 ParOldGen       total 221184K, used 134536K [0x0000000740000000, 0x000000074d800000, 0x0000000795580000)
  object space 221184K, 60% used [0x0000000740000000,0x0000000748362100,0x000000074d800000)
 Metaspace       used 107715K, capacity 113620K, committed 113792K, reserved 1146880K
  class space    used 14566K, capacity 15680K, committed 15744K, reserved 1048576K
}
Event: 3476.120 GC heap before
{Heap before GC invocations=25 (full 5):
 PSYoungGen      total 461312K, used 421170K [0x0000000795580000, 0x00000007b9900000, 0x00000007c0000000)
  eden space 395264K, 100% used [0x0000000795580000,0x00000007ad780000,0x00000007ad780000)
  from space 66048K, 39% used [0x00000007ad780000,0x00000007af0cc8c0,0x00000007b1800000)
  to   space 62464K, 0% used [0x00000007b5c00000,0x00000007b5c00000,0x00000007b9900000)
 ParOldGen       total 221184K, used 134536K [0x0000000740000000, 0x000000074d800000, 0x0000000795580000)
  object space 221184K, 60% used [0x0000000740000000,0x0000000748362100,0x000000074d800000)
 Metaspace       used 114055K, capacity 120330K, committed 120448K, reserved 1153024K
  class space    used 15290K, capacity 16469K, committed 16512K, reserved 1048576K
Event: 3476.924 GC heap after
Heap after GC invocations=25 (full 5):
 PSYoungGen      total 521728K, used 28487K [0x0000000795580000, 0x00000007b9200000, 0x00000007c0000000)
  eden space 466432K, 0% used [0x0000000795580000,0x0000000795580000,0x00000007b1d00000)
  from space 55296K, 51% used [0x00000007b5c00000,0x00000007b77d1fa8,0x00000007b9200000)
  to   space 59904K, 0% used [0x00000007b1d00000,0x00000007b1d00000,0x00000007b5780000)
 ParOldGen       total 221184K, used 134544K [0x0000000740000000, 0x000000074d800000, 0x0000000795580000)
  object space 221184K, 60% used [0x0000000740000000,0x0000000748364100,0x000000074d800000)
 Metaspace       used 114055K, capacity 120330K, committed 120448K, reserved 1153024K
  class space    used 15290K, capacity 16469K, committed 16512K, reserved 1048576K
}
Event: 3491.361 GC heap before
{Heap before GC invocations=26 (full 5):
 PSYoungGen      total 521728K, used 494919K [0x0000000795580000, 0x00000007b9200000, 0x00000007c0000000)
  eden space 466432K, 100% used [0x0000000795580000,0x00000007b1d00000,0x00000007b1d00000)
  from space 55296K, 51% used [0x00000007b5c00000,0x00000007b77d1fa8,0x00000007b9200000)
  to   space 59904K, 0% used [0x00000007b1d00000,0x00000007b1d00000,0x00000007b5780000)
 ParOldGen       total 221184K, used 134544K [0x0000000740000000, 0x000000074d800000, 0x0000000795580000)
  object space 221184K, 60% used [0x0000000740000000,0x0000000748364100,0x000000074d800000)
 Metaspace       used 115199K, capacity 121534K, committed 121856K, reserved 1155072K
  class space    used 15356K, capacity 16519K, committed 16640K, reserved 1048576K
Event: 3492.409 GC heap after
Heap after GC invocations=26 (full 5):
 PSYoungGen      total 526336K, used 59887K [0x0000000795580000, 0x00000007c0000000, 0x00000007c0000000)
  eden space 466432K, 0% used [0x0000000795580000,0x0000000795580000,0x00000007b1d00000)
  from space 59904K, 99% used [0x00000007b1d00000,0x00000007b577bc10,0x00000007b5780000)
  to   space 75776K, 0% used [0x00000007bb600000,0x00000007bb600000,0x00000007c0000000)
 ParOldGen       total 221184K, used 152256K [0x0000000740000000, 0x000000074d800000, 0x0000000795580000)
  object space 221184K, 68% used [0x0000000740000000,0x00000007494b02b0,0x000000074d800000)
 Metaspace       used 115199K, capacity 121534K, committed 121856K, reserved 1155072K
  class space    used 15356K, capacity 16519K, committed 16640K, reserved 1048576K
}
Event: 4960.291 GC heap before
{Heap before GC invocations=27 (full 5):
 PSYoungGen      total 526336K, used 526319K [0x0000000795580000, 0x00000007c0000000, 0x00000007c0000000)
  eden space 466432K, 100% used [0x0000000795580000,0x00000007b1d00000,0x00000007b1d00000)
  from space 59904K, 99% used [0x00000007b1d00000,0x00000007b577bc10,0x00000007b5780000)
  to   space 75776K, 0% used [0x00000007bb600000,0x00000007bb600000,0x00000007c0000000)
 ParOldGen       total 221184K, used 152256K [0x0000000740000000, 0x000000074d800000, 0x0000000795580000)
  object space 221184K, 68% used [0x0000000740000000,0x00000007494b02b0,0x000000074d800000)
 Metaspace       used 115648K, capacity 122186K, committed 122368K, reserved 1155072K
  class space    used 15403K, capacity 16605K, committed 16640K, reserved 1048576K
Event: 4962.459 GC heap after
Heap after GC invocations=27 (full 5):
 PSYoungGen      total 624640K, used 22716K [0x0000000795580000, 0x00000007bfe80000, 0x00000007c0000000)
  eden space 550400K, 0% used [0x0000000795580000,0x0000000795580000,0x00000007b6f00000)
  from space 74240K, 30% used [0x00000007bb600000,0x00000007bcc2f1f8,0x00000007bfe80000)
  to   space 72704K, 0% used [0x00000007b6f00000,0x00000007b6f00000,0x00000007bb600000)
 ParOldGen       total 221184K, used 170390K [0x0000000740000000, 0x000000074d800000, 0x0000000795580000)
  object space 221184K, 77% used [0x0000000740000000,0x000000074a665bf8,0x000000074d800000)
 Metaspace       used 115648K, capacity 122186K, committed 122368K, reserved 1155072K
  class space    used 15403K, capacity 16605K, committed 16640K, reserved 1048576K
}
Event: 5425.294 GC heap before
{Heap before GC invocations=28 (full 5):
 PSYoungGen      total 624640K, used 573116K [0x0000000795580000, 0x00000007bfe80000, 0x00000007c0000000)
  eden space 550400K, 100% used [0x0000000795580000,0x00000007b6f00000,0x00000007b6f00000)
  from space 74240K, 30% used [0x00000007bb600000,0x00000007bcc2f1f8,0x00000007bfe80000)
  to   space 72704K, 0% used [0x00000007b6f00000,0x00000007b6f00000,0x00000007bb600000)
 ParOldGen       total 221184K, used 170390K [0x0000000740000000, 0x000000074d800000, 0x0000000795580000)
  object space 221184K, 77% used [0x0000000740000000,0x000000074a665bf8,0x000000074d800000)
 Metaspace       used 116017K, capacity 122868K, committed 123008K, reserved 1155072K
  class space    used 15426K, capacity 16678K, committed 16768K, reserved 1048576K

